# JRE version: Java(TM) SE Runtime Environment 18.9 (11.0.20+9) (build 11.0.20+9-LTS-256)
# Java VM: Java HotSpot(TM) 64-Bit Server VM 18.9 (11.0.20+9-LTS-256, mixed mode, tiered, compressed oops, g1 gc, windows-amd64)
Heap:
 garbage-first heap   total 335872K, used 240295K [0x0000000080000000, 0x0000000100000000)
  region size 1024K, 42 young (43008K), 7 survivors (7168K)
 Metaspace       used 115670K, capacity 121049K, committed 121308K, reserved 620544K
  class space    used 15417K, capacity 17501K, committed 17560K, reserved 516096K
GC Heap History (10 events):
Event: 323.117 GC heap before
{Heap before GC invocations=75 (full 0):
 garbage-first heap   total 279552K, used 215828K [0x0000000080000000, 0x0000000100000000)
  region size 1024K, 56 young (57344K), 7 survivors (7168K)
 Metaspace       used 106948K, capacity 111042K, committed 111196K, reserved 612352K
  class space    used 14253K, capacity 15865K, committed 15896K, reserved 516096K
}
Event: 323.152 GC heap after
{Heap after GC invocations=76 (full 0):
 garbage-first heap   total 279552K, used 173017K [0x0000000080000000, 0x0000000100000000)
  region size 1024K, 7 young (7168K), 7 survivors (7168K)
 Metaspace       used 106948K, capacity 111042K, committed 111196K, reserved 612352K
  class space    used 14253K, capacity 15865K, committed 15896K, reserved 516096K
}
Event: 323.660 GC heap before
{Heap before GC invocations=76 (full 0):
 garbage-first heap   total 279552K, used 190425K [0x0000000080000000, 0x0000000100000000)
  region size 1024K, 25 young (25600K), 7 survivors (7168K)
 Metaspace       used 107028K, capacity 111230K, committed 111452K, reserved 612352K
  class space    used 14264K, capacity 15880K, committed 15896K, reserved 516096K
}
Event: 323.694 GC heap after
{Heap after GC invocations=77 (full 0):
 garbage-first heap   total 335872K, used 176051K [0x0000000080000000, 0x0000000100000000)
  region size 1024K, 3 young (3072K), 3 survivors (3072K)
 Metaspace       used 107028K, capacity 111230K, committed 111452K, reserved 612352K
  class space    used 14264K, capacity 15880K, committed 15896K, reserved 516096K
}
Event: 325.931 GC heap before
{Heap before GC invocations=78 (full 0):
 garbage-first heap   total 335872K, used 244659K [0x0000000080000000, 0x0000000100000000)
  region size 1024K, 66 young (67584K), 3 survivors (3072K)
 Metaspace       used 109458K, capacity 113962K, committed 114268K, reserved 614400K
  class space    used 14599K, capacity 16349K, committed 16408K, reserved 516096K
}
Event: 325.952 GC heap after
{Heap after GC invocations=79 (full 0):
 garbage-first heap   total 335872K, used 188376K [0x0000000080000000, 0x0000000100000000)
  region size 1024K, 9 young (9216K), 9 survivors (9216K)
 Metaspace       used 109458K, capacity 113962K, committed 114268K, reserved 614400K
  class space    used 14599K, capacity 16349K, committed 16408K, reserved 516096K
}
Event: 328.004 GC heap before
{Heap before GC invocations=79 (full 0):
 garbage-first heap   total 335872K, used 251864K [0x0000000080000000, 0x0000000100000000)
  region size 1024K, 71 young (72704K), 9 survivors (9216K)
 Metaspace       used 111799K, capacity 116981K, committed 117084K, reserved 616448K
  class space    used 14916K, capacity 16889K, committed 16920K, reserved 516096K
}
Event: 328.049 GC heap after
{Heap after GC invocations=80 (full 0):
 garbage-first heap   total 335872K, used 198768K [0x0000000080000000, 0x0000000100000000)
  region size 1024K, 9 young (9216K), 9 survivors (9216K)
 Metaspace       used 111799K, capacity 116981K, committed 117084K, reserved 616448K
  class space    used 14916K, capacity 16889K, committed 16920K, reserved 516096K
}
Event: 329.954 GC heap before
{Heap before GC invocations=81 (full 0):
 garbage-first heap   total 335872K, used 259184K [0x0000000080000000, 0x0000000100000000)
  region size 1024K, 68 young (69632K), 9 survivors (9216K)
 Metaspace       used 114186K, capacity 119537K, committed 119900K, reserved 620544K
  class space    used 15238K, capacity 17300K, committed 17432K, reserved 516096K
}
Event: 329.998 GC heap after
{Heap after GC invocations=82 (full 0):
 garbage-first heap   total 335872K, used 205479K [0x0000000080000000, 0x0000000100000000)
  region size 1024K, 7 young (7168K), 7 survivors (7168K)
 Metaspace       used 114186K, capacity 119537K, committed 119900K, reserved 620544K
  class space    used 15238K, capacity 17300K, committed 17432K, reserved 516096K
}

