# JRE version: Java(TM) SE Runtime Environment 18.9 (11.0.20+9) (build 11.0.20+9-LTS-256)
# Java VM: Java HotSpot(TM) 64-Bit Server VM 18.9 (11.0.20+9-LTS-256, mixed mode, tiered, compressed oops, g1 gc, windows-amd64)
Heap:
 garbage-first heap   total 473088K, used 208495K [0x0000000080000000, 0x0000000100000000)
  region size 1024K, 7 young (7168K), 7 survivors (7168K)
 Metaspace       used 114069K, capacity 119418K, committed 119592K, reserved 618496K
  class space    used 15230K, capacity 17298K, committed 17316K, reserved 516096K
GC Heap History (10 events):
Event: 96.049 GC heap after
{Heap after GC invocations=59 (full 0):
 garbage-first heap   total 370688K, used 166714K [0x0000000080000000, 0x0000000100000000)
  region size 1024K, 7 young (7168K), 7 survivors (7168K)
 Metaspace       used 106671K, capacity 110718K, committed 111016K, reserved 612352K
  class space    used 14234K, capacity 15859K, committed 15908K, reserved 516096K
}
Event: 97.633 GC heap before
{Heap before GC invocations=60 (full 0):
 garbage-first heap   total 370688K, used 253754K [0x0000000080000000, 0x0000000100000000)
  region size 1024K, 88 young (90112K), 7 survivors (7168K)
 Metaspace       used 106819K, capacity 111036K, committed 111272K, reserved 612352K
  class space    used 14250K, capacity 15875K, committed 15908K, reserved 516096K
}
Event: 97.688 GC heap after
{Heap after GC invocations=61 (full 0):
 garbage-first heap   total 370688K, used 182558K [0x0000000080000000, 0x0000000100000000)
  region size 1024K, 11 young (11264K), 11 survivors (11264K)
 Metaspace       used 106819K, capacity 111036K, committed 111272K, reserved 612352K
  class space    used 14250K, capacity 15875K, committed 15908K, reserved 516096K
}
Event: 97.696 GC heap before
{Heap before GC invocations=61 (full 0):
 garbage-first heap   total 370688K, used 182558K [0x0000000080000000, 0x0000000100000000)
  region size 1024K, 12 young (12288K), 11 survivors (11264K)
 Metaspace       used 106819K, capacity 111036K, committed 111272K, reserved 612352K
  class space    used 14250K, capacity 15875K, committed 15908K, reserved 516096K
}
Event: 97.732 GC heap after
{Heap after GC invocations=62 (full 0):
 garbage-first heap   total 370688K, used 184717K [0x0000000080000000, 0x0000000100000000)
  region size 1024K, 2 young (2048K), 2 survivors (2048K)
 Metaspace       used 106819K, capacity 111036K, committed 111272K, reserved 612352K
  class space    used 14250K, capacity 15875K, committed 15908K, reserved 516096K
}
Event: 99.459 GC heap before
{Heap before GC invocations=63 (full 0):
 garbage-first heap   total 370688K, used 245133K [0x0000000080000000, 0x0000000100000000)
  region size 1024K, 61 young (62464K), 2 survivors (2048K)
 Metaspace       used 109139K, capacity 113611K, committed 113832K, reserved 614400K
  class space    used 14558K, capacity 16315K, committed 16420K, reserved 516096K
}
Event: 99.478 GC heap after
{Heap after GC invocations=64 (full 0):
 garbage-first heap   total 370688K, used 191352K [0x0000000080000000, 0x0000000100000000)
  region size 1024K, 8 young (8192K), 8 survivors (8192K)
 Metaspace       used 109139K, capacity 113611K, committed 113832K, reserved 614400K
  class space    used 14558K, capacity 16315K, committed 16420K, reserved 516096K
}
Event: 101.317 GC heap before
{Heap before GC invocations=64 (full 0):
 garbage-first heap   total 370688K, used 256888K [0x0000000080000000, 0x0000000100000000)
  region size 1024K, 72 young (73728K), 8 survivors (8192K)
 Metaspace       used 111566K, capacity 116780K, committed 116904K, reserved 616448K
  class space    used 14903K, capacity 16884K, committed 16932K, reserved 516096K
}
Event: 101.363 GC heap after
{Heap after GC invocations=65 (full 0):
 garbage-first heap   total 370688K, used 201728K [0x0000000080000000, 0x0000000100000000)
  region size 1024K, 9 young (9216K), 9 survivors (9216K)
 Metaspace       used 111566K, capacity 116780K, committed 116904K, reserved 616448K
  class space    used 14903K, capacity 16884K, committed 16932K, reserved 516096K
}
Event: 103.573 GC heap before
{Heap before GC invocations=66 (full 0):
 garbage-first heap   total 370688K, used 267264K [0x0000000080000000, 0x0000000100000000)
  region size 1024K, 73 young (74752K), 9 survivors (9216K)
 Metaspace       used 114069K, capacity 119418K, committed 119592K, reserved 618496K
  class space    used 15230K, capacity 17298K, committed 17316K, reserved 516096K
}

