# JRE version: Java(TM) SE Runtime Environment 18.9 (11.0.20+9) (build 11.0.20+9-LTS-256)
# Java VM: Java HotSpot(TM) 64-Bit Server VM 18.9 (11.0.20+9-LTS-256, mixed mode, tiered, compressed oops, g1 gc, windows-amd64)
Heap:
 garbage-first heap   total 375808K, used 189933K [0x0000000080000000, 0x0000000100000000)
  region size 1024K, 6 young (6144K), 6 survivors (6144K)
 Metaspace       used 110501K, capacity 115081K, committed 115112K, reserved 616448K
  class space    used 14742K, capacity 16506K, committed 16536K, reserved 516096K
GC Heap History (10 events):
Event: 100.869 GC heap after
{Heap after GC invocations=57 (full 0):
 garbage-first heap   total 245760K, used 157121K [0x0000000080000000, 0x0000000100000000)
  region size 1024K, 3 young (3072K), 3 survivors (3072K)
 Metaspace       used 105059K, capacity 109183K, committed 109480K, reserved 610304K
  class space    used 14022K, capacity 15642K, committed 15768K, reserved 516096K
}
Event: 102.146 GC heap before
{Heap before GC invocations=57 (full 0):
 garbage-first heap   total 245760K, used 189889K [0x0000000080000000, 0x0000000100000000)
  region size 1024K, 35 young (35840K), 3 survivors (3072K)
 Metaspace       used 106484K, capacity 110587K, committed 110888K, reserved 612352K
  class space    used 14214K, capacity 15823K, committed 15896K, reserved 516096K
}
Event: 102.170 GC heap after
{Heap after GC invocations=58 (full 0):
 garbage-first heap   total 299008K, used 160136K [0x0000000080000000, 0x0000000100000000)
  region size 1024K, 5 young (5120K), 5 survivors (5120K)
 Metaspace       used 106484K, capacity 110587K, committed 110888K, reserved 612352K
  class space    used 14214K, capacity 15823K, committed 15896K, reserved 516096K
}
Event: 103.899 GC heap before
{Heap before GC invocations=59 (full 0):
 garbage-first heap   total 299008K, used 212360K [0x0000000080000000, 0x0000000100000000)
  region size 1024K, 56 young (57344K), 5 survivors (5120K)
 Metaspace       used 106697K, capacity 110829K, committed 110888K, reserved 612352K
  class space    used 14235K, capacity 15858K, committed 15896K, reserved 516096K
}
Event: 103.933 GC heap after
{Heap after GC invocations=60 (full 0):
 garbage-first heap   total 299008K, used 166320K [0x0000000080000000, 0x0000000100000000)
  region size 1024K, 7 young (7168K), 7 survivors (7168K)
 Metaspace       used 106697K, capacity 110829K, committed 110888K, reserved 612352K
  class space    used 14235K, capacity 15858K, committed 15896K, reserved 516096K
}
Event: 104.932 GC heap before
{Heap before GC invocations=60 (full 0):
 garbage-first heap   total 299008K, used 219568K [0x0000000080000000, 0x0000000100000000)
  region size 1024K, 59 young (60416K), 7 survivors (7168K)
 Metaspace       used 106755K, capacity 110832K, committed 110888K, reserved 612352K
  class space    used 14239K, capacity 15859K, committed 15896K, reserved 516096K
}
Event: 104.979 GC heap after
{Heap after GC invocations=61 (full 0):
 garbage-first heap   total 299008K, used 174550K [0x0000000080000000, 0x0000000100000000)
  region size 1024K, 8 young (8192K), 8 survivors (8192K)
 Metaspace       used 106755K, capacity 110832K, committed 110888K, reserved 612352K
  class space    used 14239K, capacity 15859K, committed 15896K, reserved 516096K
}
Event: 106.658 GC heap before
{Heap before GC invocations=62 (full 0):
 garbage-first heap   total 299008K, used 231894K [0x0000000080000000, 0x0000000100000000)
  region size 1024K, 59 young (60416K), 8 survivors (8192K)
 Metaspace       used 108445K, capacity 112760K, committed 112936K, reserved 614400K
  class space    used 14458K, capacity 16128K, committed 16152K, reserved 516096K
}
Event: 106.706 GC heap after
{Heap after GC invocations=63 (full 0):
 garbage-first heap   total 299008K, used 184624K [0x0000000080000000, 0x0000000100000000)
  region size 1024K, 6 young (6144K), 6 survivors (6144K)
 Metaspace       used 108445K, capacity 112760K, committed 112936K, reserved 614400K
  class space    used 14458K, capacity 16128K, committed 16152K, reserved 516096K
}
Event: 108.675 GC heap before
{Heap before GC invocations=63 (full 0):
 garbage-first heap   total 299008K, used 233776K [0x0000000080000000, 0x0000000100000000)
  region size 1024K, 55 young (56320K), 6 survivors (6144K)
 Metaspace       used 110501K, capacity 115081K, committed 115112K, reserved 616448K
  class space    used 14742K, capacity 16506K, committed 16536K, reserved 516096K
}

