# JRE version: Java(TM) SE Runtime Environment 18.9 (11.0.20+9) (build 11.0.20+9-LTS-256)
# Java VM: Java HotSpot(TM) 64-Bit Server VM 18.9 (11.0.20+9-LTS-256, mixed mode, tiered, compressed oops, g1 gc, windows-amd64)
Heap:
 garbage-first heap   total 253952K, used 210401K [0x0000000080000000, 0x0000000100000000)
  region size 1024K, 20 young (20480K), 4 survivors (4096K)
 Metaspace       used 115831K, capacity 120502K, committed 120552K, reserved 620544K
  class space    used 15429K, capacity 17242K, committed 17252K, reserved 516096K
GC Heap History (10 events):
Event: 462.638 GC heap before
{Heap before GC invocations=152 (full 0):
 garbage-first heap   total 253952K, used 183014K [0x0000000080000000, 0x0000000100000000)
  region size 1024K, 4 young (4096K), 2 survivors (2048K)
 Metaspace       used 112016K, capacity 116329K, committed 116584K, reserved 616448K
  class space    used 14913K, capacity 16571K, committed 16612K, reserved 516096K
}
Event: 462.645 GC heap after
{Heap after GC invocations=153 (full 0):
 garbage-first heap   total 253952K, used 181538K [0x0000000080000000, 0x0000000100000000)
  region size 1024K, 2 young (2048K), 2 survivors (2048K)
 Metaspace       used 112016K, capacity 116329K, committed 116584K, reserved 616448K
  class space    used 14913K, capacity 16571K, committed 16612K, reserved 516096K
}
Event: 464.975 GC heap before
{Heap before GC invocations=154 (full 0):
 garbage-first heap   total 253952K, used 186658K [0x0000000080000000, 0x0000000100000000)
  region size 1024K, 5 young (5120K), 2 survivors (2048K)
 Metaspace       used 112016K, capacity 116329K, committed 116584K, reserved 616448K
  class space    used 14913K, capacity 16571K, committed 16612K, reserved 516096K
}
Event: 464.981 GC heap after
{Heap after GC invocations=155 (full 0):
 garbage-first heap   total 253952K, used 185852K [0x0000000080000000, 0x0000000100000000)
  region size 1024K, 3 young (3072K), 3 survivors (3072K)
 Metaspace       used 112016K, capacity 116329K, committed 116584K, reserved 616448K
  class space    used 14913K, capacity 16571K, committed 16612K, reserved 516096K
}
Event: 467.225 GC heap before
{Heap before GC invocations=156 (full 0):
 garbage-first heap   total 253952K, used 211452K [0x0000000080000000, 0x0000000100000000)
  region size 1024K, 27 young (27648K), 3 survivors (3072K)
 Metaspace       used 113408K, capacity 117837K, committed 118120K, reserved 618496K
  class space    used 15092K, capacity 16774K, committed 16868K, reserved 516096K
}
Event: 467.235 GC heap after
{Heap after GC invocations=157 (full 0):
 garbage-first heap   total 253952K, used 186421K [0x0000000080000000, 0x0000000100000000)
  region size 1024K, 3 young (3072K), 3 survivors (3072K)
 Metaspace       used 113408K, capacity 117837K, committed 118120K, reserved 618496K
  class space    used 15092K, capacity 16774K, committed 16868K, reserved 516096K
}
Event: 478.263 GC heap before
{Heap before GC invocations=157 (full 0):
 garbage-first heap   total 253952K, used 212021K [0x0000000080000000, 0x0000000100000000)
  region size 1024K, 28 young (28672K), 3 survivors (3072K)
 Metaspace       used 114168K, capacity 118728K, committed 119016K, reserved 618496K
  class space    used 15192K, capacity 16934K, committed 16996K, reserved 516096K
}
Event: 478.279 GC heap after
{Heap after GC invocations=158 (full 0):
 garbage-first heap   total 253952K, used 189954K [0x0000000080000000, 0x0000000100000000)
  region size 1024K, 4 young (4096K), 4 survivors (4096K)
 Metaspace       used 114168K, capacity 118728K, committed 119016K, reserved 618496K
  class space    used 15192K, capacity 16934K, committed 16996K, reserved 516096K
}
Event: 481.895 GC heap before
{Heap before GC invocations=159 (full 0):
 garbage-first heap   total 253952K, used 213506K [0x0000000080000000, 0x0000000100000000)
  region size 1024K, 28 young (28672K), 4 survivors (4096K)
 Metaspace       used 115222K, capacity 119880K, committed 120040K, reserved 620544K
  class space    used 15349K, capacity 17140K, committed 17252K, reserved 516096K
}
Event: 481.918 GC heap after
{Heap after GC invocations=160 (full 0):
 garbage-first heap   total 253952K, used 195041K [0x0000000080000000, 0x0000000100000000)
  region size 1024K, 4 young (4096K), 4 survivors (4096K)
 Metaspace       used 115222K, capacity 119880K, committed 120040K, reserved 620544K
  class space    used 15349K, capacity 17140K, committed 17252K, reserved 516096K
}

